<?xml version="1.0" encoding="utf-8"?><testsuites name="pytest tests"><testsuite name="pytest" errors="0" failures="0" skipped="0" tests="25" time="17.211" timestamp="2026-06-19T10:28:58.953200+00:00" hostname="agent-env-47360978-c3f6-41d2-a0df-00ce838aa487"><testcase classname="backend.tests.test_auth_and_isolation.TestAuthBasics" name="test_register_sets_cookies_and_returns_public_user" time="0.459" /><testcase classname="backend.tests.test_auth_and_isolation.TestAuthBasics" name="test_password_policy_rejects_weak" time="0.242" /><testcase classname="backend.tests.test_auth_and_isolation.TestAuthBasics" name="test_duplicate_email_returns_409" time="0.368" /><testcase classname="backend.tests.test_auth_and_isolation.TestAuthBasics" name="test_login_demo_success_and_wrong_password" time="0.640" /><testcase classname="backend.tests.test_auth_and_isolation.TestAuthBasics" name="test_me_requires_auth" time="0.091" /><testcase classname="backend.tests.test_auth_and_isolation.TestAuthBasics" name="test_me_with_cookies" time="0.365" /><testcase classname="backend.tests.test_auth_and_isolation.TestAuthBasics" name="test_logout_clears_cookies" time="0.494" /><testcase classname="backend.tests.test_auth_and_isolation.TestAuthBasics" name="test_refresh_issues_new_access" time="0.408" /><testcase classname="backend.tests.test_auth_and_isolation.TestProtectedEndpoints401" name="test_returns_401[GET-/companies]" time="0.105" /><testcase classname="backend.tests.test_auth_and_isolation.TestProtectedEndpoints401" name="test_returns_401[POST-/companies]" time="0.091" /><testcase classname="backend.tests.test_auth_and_isolation.TestProtectedEndpoints401" name="test_returns_401[GET-/opportunities]" time="0.092" /><testcase classname="backend.tests.test_auth_and_isolation.TestProtectedEndpoints401" name="test_returns_401[POST-/opportunities/seed]" time="0.095" /><testcase classname="backend.tests.test_auth_and_isolation.TestProtectedEndpoints401" name="test_returns_401[GET-/generated-emails]" time="0.108" /><testcase classname="backend.tests.test_auth_and_isolation.TestProtectedEndpoints401" name="test_returns_401[GET-/profile]" time="0.091" /><testcase classname="backend.tests.test_auth_and_isolation.TestProtectedEndpoints401" name="test_returns_401[PUT-/profile]" time="0.101" /><testcase classname="backend.tests.test_auth_and_isolation.TestProtectedEndpoints401" name="test_returns_401[GET-/auth/me]" time="0.094" /><testcase classname="backend.tests.test_auth_and_isolation.TestProtectedEndpoints401" name="test_returns_401[GET-/companies/export.csv]" time="0.093" /><testcase classname="backend.tests.test_auth_and_isolation.TestOrphanMigration" name="test_first_user_inherits_orphans" time="0.045" /><testcase classname="backend.tests.test_auth_and_isolation.TestUserIsolation" name="test_companies_and_opps_isolated_between_users" time="0.941" /><testcase classname="backend.tests.test_auth_and_isolation.TestUserIsolation" name="test_cross_user_patch_delete_404" time="0.899" /><testcase classname="backend.tests.test_auth_and_isolation.TestSeedAndSaveToLeads" name="test_seed_is_per_user_and_idempotent" time="0.568" /><testcase classname="backend.tests.test_auth_and_isolation.TestSeedAndSaveToLeads" name="test_save_to_leads_idempotent_per_user" time="0.708" /><testcase classname="backend.tests.test_auth_and_isolation.TestOutreachGeneration" name="test_generate_persists_email_for_current_user" time="8.676" /><testcase classname="backend.tests.test_auth_and_isolation.TestProfile" name="test_default_shape_then_upsert_and_read" time="0.548" /><testcase classname="backend.tests.test_auth_and_isolation.TestCsvExport" name="test_csv_export_scoped" time="0.785" /></testsuite></testsuites>