<?xml version="1.0" encoding="utf-8"?><testsuites name="pytest tests"><testsuite name="pytest" errors="0" failures="1" skipped="0" tests="21" time="3.420" timestamp="2026-06-19T12:07:55.696456+00:00" hostname="agent-env-47360978-c3f6-41d2-a0df-00ce838aa487"><testcase classname="backend.tests.test_ingestion.TestSourcesEndpoint" name="test_requires_auth" time="0.297"><failure message="AssertionError: BUG: GET /ingest/sources is not protected (got 200); missing Depends(get_current_user) on the route&#10;assert 200 == 401&#10; +  where 200 = &lt;Response [200]&gt;.status_code">backend/tests/test_ingestion.py:117: in test_requires_auth
    assert r.status_code == 401, (
E   AssertionError: BUG: GET /ingest/sources is not protected (got 200); missing Depends(get_current_user) on the route
E   assert 200 == 401
E    +  where 200 = &lt;Response [200]&gt;.status_code</failure></testcase><testcase classname="backend.tests.test_ingestion.TestSourcesEndpoint" name="test_lists_six_adapters" time="0.379" /><testcase classname="backend.tests.test_ingestion.TestSingleIngest" name="test_linkedin_creates_with_normalization" time="0.132" /><testcase classname="backend.tests.test_ingestion.TestSingleIngest" name="test_manual_no_source_id" time="0.045" /><testcase classname="backend.tests.test_ingestion.TestSingleIngest" name="test_unknown_source_422" time="0.044" /><testcase classname="backend.tests.test_ingestion.TestSingleIngest" name="test_missing_required_fields_422" time="0.043" /><testcase classname="backend.tests.test_ingestion.TestDuplicates" name="test_duplicate_by_source_id" time="0.128" /><testcase classname="backend.tests.test_ingestion.TestDuplicates" name="test_duplicate_by_company_role_when_no_source_id" time="0.084" /><testcase classname="backend.tests.test_ingestion.TestBulkIngest" name="test_bulk_shape_with_in_batch_dedupe" time="0.046" /><testcase classname="backend.tests.test_ingestion.TestBulkIngest" name="test_bulk_error_for_bad_shape" time="0.044" /><testcase classname="backend.tests.test_ingestion.TestAutoMatch" name="test_no_resume_returns_zero" time="0.418" /><testcase classname="backend.tests.test_ingestion.TestAutoMatch" name="test_with_active_resume_sync" time="0.717" /><testcase classname="backend.tests.test_ingestion.TestAutoMatch" name="test_background_scheduled_for_large_batch" time="0.176" /><testcase classname="backend.tests.test_ingestion.TestIsolation" name="test_userb_does_not_see_usera_ingested" time="0.088" /><testcase classname="backend.tests.test_ingestion.TestIsolation" name="test_userb_can_ingest_same_external_id_as_new_row" time="0.095" /><testcase classname="backend.tests.test_ingestion.TestSourceNormalization" name="test_linkedin_alt_keys" time="0.085" /><testcase classname="backend.tests.test_ingestion.TestSourceNormalization" name="test_naukri_designation_and_keyskills" time="0.090" /><testcase classname="backend.tests.test_ingestion.TestSourceNormalization" name="test_indeed_jobtitle_and_company" time="0.085" /><testcase classname="backend.tests.test_ingestion.TestRegression" name="test_opportunities_seed_still_works" time="0.126" /><testcase classname="backend.tests.test_ingestion.TestRegression" name="test_matches_batch_still_works" time="0.115" /><testcase classname="backend.tests.test_ingestion.TestRegression" name="test_resumes_active_still_works" time="0.058" /></testsuite></testsuites>