<?xml version="1.0" encoding="utf-8"?><testsuites name="pytest tests"><testsuite name="pytest" errors="0" failures="1" skipped="0" tests="22" time="9.062" timestamp="2026-06-19T09:52:22.539238+00:00" hostname="agent-env-47360978-c3f6-41d2-a0df-00ce838aa487"><testcase classname="tests.test_opportunities_outreach" name="test_meta_returns_expected_enums" time="0.225" /><testcase classname="tests.test_opportunities_outreach" name="test_seed_idempotent" time="0.088" /><testcase classname="tests.test_opportunities_outreach" name="test_seed_collection_has_at_least_5" time="0.045" /><testcase classname="tests.test_opportunities_outreach" name="test_list_default_sort_desc_by_date_found" time="0.044" /><testcase classname="tests.test_opportunities_outreach" name="test_sort_company_az" time="0.046" /><testcase classname="tests.test_opportunities_outreach" name="test_invalid_sort_422" time="0.042" /><testcase classname="tests.test_opportunities_outreach" name="test_filter_employment_type_and_work_mode" time="0.046" /><testcase classname="tests.test_opportunities_outreach" name="test_filter_skills_python_case_insensitive" time="0.045" /><testcase classname="tests.test_opportunities_outreach" name="test_filter_role_partial_case_insensitive" time="0.042" /><testcase classname="tests.test_opportunities_outreach" name="test_invalid_employment_type_422" time="0.043" /><testcase classname="tests.test_opportunities_outreach" name="test_create_opportunity_success" time="0.090" /><testcase classname="tests.test_opportunities_outreach" name="test_create_missing_required_field_422" time="0.086" /><testcase classname="tests.test_opportunities_outreach" name="test_create_invalid_employment_type_422" time="0.055" /><testcase classname="tests.test_opportunities_outreach" name="test_patch_status_valid" time="0.139" /><testcase classname="tests.test_opportunities_outreach" name="test_patch_status_invalid_422" time="0.087" /><testcase classname="tests.test_opportunities_outreach" name="test_patch_status_unknown_id_404" time="0.043" /><testcase classname="tests.test_opportunities_outreach" name="test_save_to_leads_creates_then_idempotent" time="0.089"><failure message="assert 500 == 200&#10; +  where 500 = &lt;Response [500]&gt;.status_code">tests/test_opportunities_outreach.py:209: in test_save_to_leads_creates_then_idempotent
    assert r.status_code == 200
E   assert 500 == 200
E    +  where 500 = &lt;Response [500]&gt;.status_code</failure></testcase><testcase classname="tests.test_opportunities_outreach" name="test_save_to_leads_unknown_id_404" time="0.044" /><testcase classname="tests.test_opportunities_outreach" name="test_delete_opportunity_204" time="0.129" /><testcase classname="tests.test_opportunities_outreach" name="test_delete_opportunity_unknown_404" time="0.043" /><testcase classname="tests.test_opportunities_outreach" name="test_outreach_generate_success" time="7.162" /><testcase classname="tests.test_opportunities_outreach" name="test_outreach_generate_unknown_opp_404" time="0.346" /></testsuite></testsuites>