<?xml version="1.0" encoding="utf-8"?><testsuites name="pytest tests"><testsuite name="pytest" errors="0" failures="0" skipped="0" tests="32" time="11.167" timestamp="2026-06-19T09:52:58.483315+00:00" hostname="agent-env-47360978-c3f6-41d2-a0df-00ce838aa487"><testcase classname="tests.test_companies_api" name="test_health" time="0.120" /><testcase classname="tests.test_companies_api" name="test_create_company_success" time="0.093" /><testcase classname="tests.test_companies_api" name="test_create_missing_company_name_422" time="0.044" /><testcase classname="tests.test_companies_api" name="test_create_invalid_email_422" time="0.042" /><testcase classname="tests.test_companies_api" name="test_list_sorted_desc" time="0.131" /><testcase classname="tests.test_companies_api" name="test_search_case_insensitive_partial" time="0.086" /><testcase classname="tests.test_companies_api" name="test_delete_204_then_not_found" time="0.138" /><testcase classname="tests.test_companies_api" name="test_delete_nonexistent_404" time="0.045" /><testcase classname="tests.test_companies_api" name="test_stats_counts" time="0.255" /><testcase classname="tests.test_companies_api" name="test_export_csv" time="0.531" /><testcase classname="tests.test_opportunities_outreach" name="test_meta_returns_expected_enums" time="0.093" /><testcase classname="tests.test_opportunities_outreach" name="test_seed_idempotent" time="0.084" /><testcase classname="tests.test_opportunities_outreach" name="test_seed_collection_has_at_least_5" time="0.041" /><testcase classname="tests.test_opportunities_outreach" name="test_list_default_sort_desc_by_date_found" time="0.047" /><testcase classname="tests.test_opportunities_outreach" name="test_sort_company_az" time="0.041" /><testcase classname="tests.test_opportunities_outreach" name="test_invalid_sort_422" time="0.085" /><testcase classname="tests.test_opportunities_outreach" name="test_filter_employment_type_and_work_mode" time="0.042" /><testcase classname="tests.test_opportunities_outreach" name="test_filter_skills_python_case_insensitive" time="0.043" /><testcase classname="tests.test_opportunities_outreach" name="test_filter_role_partial_case_insensitive" time="0.042" /><testcase classname="tests.test_opportunities_outreach" name="test_invalid_employment_type_422" time="0.081" /><testcase classname="tests.test_opportunities_outreach" name="test_create_opportunity_success" time="0.124" /><testcase classname="tests.test_opportunities_outreach" name="test_create_missing_required_field_422" time="0.042" /><testcase classname="tests.test_opportunities_outreach" name="test_create_invalid_employment_type_422" time="0.081" /><testcase classname="tests.test_opportunities_outreach" name="test_patch_status_valid" time="0.129" /><testcase classname="tests.test_opportunities_outreach" name="test_patch_status_invalid_422" time="0.124" /><testcase classname="tests.test_opportunities_outreach" name="test_patch_status_unknown_id_404" time="0.084" /><testcase classname="tests.test_opportunities_outreach" name="test_save_to_leads_creates_then_idempotent" time="0.213" /><testcase classname="tests.test_opportunities_outreach" name="test_save_to_leads_unknown_id_404" time="0.042" /><testcase classname="tests.test_opportunities_outreach" name="test_delete_opportunity_204" time="0.125" /><testcase classname="tests.test_opportunities_outreach" name="test_delete_opportunity_unknown_404" time="0.041" /><testcase classname="tests.test_opportunities_outreach" name="test_outreach_generate_success" time="7.653" /><testcase classname="tests.test_opportunities_outreach" name="test_outreach_generate_unknown_opp_404" time="0.335" /></testsuite></testsuites>