<?xml version="1.0" encoding="utf-8"?><testsuites name="pytest tests"><testsuite name="pytest" errors="0" failures="0" skipped="0" tests="10" time="1.815" timestamp="2026-06-19T08:05:52.548899+00:00" hostname="agent-env-47360978-c3f6-41d2-a0df-00ce838aa487"><testcase classname="backend.tests.test_companies_api" name="test_health" time="0.246" /><testcase classname="backend.tests.test_companies_api" name="test_create_company_success" time="0.103" /><testcase classname="backend.tests.test_companies_api" name="test_create_missing_company_name_422" time="0.047" /><testcase classname="backend.tests.test_companies_api" name="test_create_invalid_email_422" time="0.050" /><testcase classname="backend.tests.test_companies_api" name="test_list_sorted_desc" time="0.134" /><testcase classname="backend.tests.test_companies_api" name="test_search_case_insensitive_partial" time="0.087" /><testcase classname="backend.tests.test_companies_api" name="test_delete_204_then_not_found" time="0.176" /><testcase classname="backend.tests.test_companies_api" name="test_delete_nonexistent_404" time="0.044" /><testcase classname="backend.tests.test_companies_api" name="test_stats_counts" time="0.177" /><testcase classname="backend.tests.test_companies_api" name="test_export_csv" time="0.492" /></testsuite></testsuites>