<?xml version="1.0" encoding="utf-8"?><testsuites name="pytest tests"><testsuite name="pytest" errors="0" failures="21" skipped="0" tests="44" time="12.339" timestamp="2026-06-19T12:08:19.085323+00:00" hostname="agent-env-47360978-c3f6-41d2-a0df-00ce838aa487"><testcase classname="backend.tests.test_resumes_and_matches.TestResumeUpload" name="test_upload_no_auth_returns_401" time="0.129" /><testcase classname="backend.tests.test_resumes_and_matches.TestResumeUpload" name="test_upload_unsupported_ext_415" time="0.407" /><testcase classname="backend.tests.test_resumes_and_matches.TestResumeUpload" name="test_upload_empty_file_400" time="0.045" /><testcase classname="backend.tests.test_resumes_and_matches.TestResumeUpload" name="test_upload_txt_success" time="0.252" /><testcase classname="backend.tests.test_resumes_and_matches.TestResumeUpload" name="test_first_resume_autosaves_profile_skills" time="0.059" /><testcase classname="backend.tests.test_resumes_and_matches.TestResumeUpload" name="test_second_upload_marks_new_active" time="0.267" /><testcase classname="backend.tests.test_resumes_and_matches.TestResumeUpload" name="test_get_active" time="0.048" /><testcase classname="backend.tests.test_resumes_and_matches.TestResumeUpload" name="test_activate_old_then_back" time="0.098" /><testcase classname="backend.tests.test_resumes_and_matches.TestResumeUpload" name="test_delete_old_resume_soft_deletes" time="0.093" /><testcase classname="backend.tests.test_resumes_and_matches.TestOpportunitiesMeta" name="test_meta_includes_freshness_windows" time="0.046" /><testcase classname="backend.tests.test_resumes_and_matches.TestOpportunitiesMeta" name="test_invalid_freshness_422" time="0.048" /><testcase classname="backend.tests.test_resumes_and_matches.TestOpportunitiesMeta" name="test_seed_for_user_a" time="0.104" /><testcase classname="backend.tests.test_resumes_and_matches.TestOpportunitiesMeta" name="test_freshness_24h_returns_recent_seeded" time="0.047" /><testcase classname="backend.tests.test_resumes_and_matches.TestMatchesDeterministic" name="test_match_returns_breakdown" time="0.094" /><testcase classname="backend.tests.test_resumes_and_matches.TestMatchesDeterministic" name="test_tfidf_query_populates_score" time="0.131" /><testcase classname="backend.tests.test_resumes_and_matches.TestMatchesDeterministic" name="test_batch_returns_rows" time="0.050" /><testcase classname="backend.tests.test_resumes_and_matches.TestMatchesNoResume" name="test_no_resume_returns_null" time="0.536" /><testcase classname="backend.tests.test_resumes_and_matches.TestUserIsolation" name="test_user_b_cannot_see_user_a_opp_match" time="0.365" /><testcase classname="backend.tests.test_resumes_and_matches.TestUserIsolation" name="test_user_b_resumes_isolated" time="0.131" /><testcase classname="backend.tests.test_resumes_and_matches.TestAICache" name="test_resume_enrich_cached" time="4.556" /><testcase classname="backend.tests.test_resumes_and_matches.TestAICache" name="test_match_ai_cached" time="3.283" /><testcase classname="backend.tests.test_resumes_and_matches.TestCacheInvalidation" name="test_delete_active_resume_clears_match_cache" time="0.255" /><testcase classname="backend.tests.test_opportunities_outreach" name="test_meta_returns_expected_enums" time="0.172" /><testcase classname="backend.tests.test_opportunities_outreach" name="test_seed_idempotent" time="0.042"><failure message="assert 401 == 200&#10; +  where 401 = &lt;Response [401]&gt;.status_code">E   assert 401 == 200
     +  where 401 = &lt;Response [401]&gt;.status_code</failure></testcase><testcase classname="backend.tests.test_opportunities_outreach" name="test_seed_collection_has_at_least_5" time="0.047"><failure message="assert 401 == 200&#10; +  where 401 = &lt;Response [401]&gt;.status_code">E   assert 401 == 200
     +  where 401 = &lt;Response [401]&gt;.status_code</failure></testcase><testcase classname="backend.tests.test_opportunities_outreach" name="test_list_default_sort_desc_by_date_found" time="0.044"><failure message="assert 401 == 200&#10; +  where 401 = &lt;Response [401]&gt;.status_code">E   assert 401 == 200
     +  where 401 = &lt;Response [401]&gt;.status_code</failure></testcase><testcase classname="backend.tests.test_opportunities_outreach" name="test_sort_company_az" time="0.053"><failure message="assert 401 == 200&#10; +  where 401 = &lt;Response [401]&gt;.status_code">E   assert 401 == 200
     +  where 401 = &lt;Response [401]&gt;.status_code</failure></testcase><testcase classname="backend.tests.test_opportunities_outreach" name="test_invalid_sort_422" time="0.053"><failure message="assert 401 == 422&#10; +  where 401 = &lt;Response [401]&gt;.status_code">E   assert 401 == 422
     +  where 401 = &lt;Response [401]&gt;.status_code</failure></testcase><testcase classname="backend.tests.test_opportunities_outreach" name="test_filter_employment_type_and_work_mode" time="0.044"><failure message="assert 401 == 200&#10; +  where 401 = &lt;Response [401]&gt;.status_code">E   assert 401 == 200
     +  where 401 = &lt;Response [401]&gt;.status_code</failure></testcase><testcase classname="backend.tests.test_opportunities_outreach" name="test_filter_skills_python_case_insensitive" time="0.045"><failure message="assert 401 == 200&#10; +  where 401 = &lt;Response [401]&gt;.status_code">E   assert 401 == 200
     +  where 401 = &lt;Response [401]&gt;.status_code</failure></testcase><testcase classname="backend.tests.test_opportunities_outreach" name="test_filter_role_partial_case_insensitive" time="0.076"><failure message="assert 401 == 200&#10; +  where 401 = &lt;Response [401]&gt;.status_code">E   assert 401 == 200
     +  where 401 = &lt;Response [401]&gt;.status_code</failure></testcase><testcase classname="backend.tests.test_opportunities_outreach" name="test_invalid_employment_type_422" time="0.046"><failure message="assert 401 == 422&#10; +  where 401 = &lt;Response [401]&gt;.status_code">E   assert 401 == 422
     +  where 401 = &lt;Response [401]&gt;.status_code</failure></testcase><testcase classname="backend.tests.test_opportunities_outreach" name="test_create_opportunity_success" time="0.046"><failure message="AssertionError: {&quot;detail&quot;:&quot;Not authenticated&quot;}&#10;assert 401 == 201&#10; +  where 401 = &lt;Response [401]&gt;.status_code">E   AssertionError: {"detail":"Not authenticated"}
    assert 401 == 201
     +  where 401 = &lt;Response [401]&gt;.status_code</failure></testcase><testcase classname="backend.tests.test_opportunities_outreach" name="test_create_missing_required_field_422" time="0.046"><failure message="assert 401 == 422&#10; +  where 401 = &lt;Response [401]&gt;.status_code">E   assert 401 == 422
     +  where 401 = &lt;Response [401]&gt;.status_code</failure></testcase><testcase classname="backend.tests.test_opportunities_outreach" name="test_create_invalid_employment_type_422" time="0.047"><failure message="assert 401 == 422&#10; +  where 401 = &lt;Response [401]&gt;.status_code">E   assert 401 == 422
     +  where 401 = &lt;Response [401]&gt;.status_code</failure></testcase><testcase classname="backend.tests.test_opportunities_outreach" name="test_patch_status_valid" time="0.046"><failure message="KeyError: 'id'">E   KeyError: 'id'</failure></testcase><testcase classname="backend.tests.test_opportunities_outreach" name="test_patch_status_invalid_422" time="0.047"><failure message="KeyError: 'id'">E   KeyError: 'id'</failure></testcase><testcase classname="backend.tests.test_opportunities_outreach" name="test_patch_status_unknown_id_404" time="0.047"><failure message="assert 401 == 404&#10; +  where 401 = &lt;Response [401]&gt;.status_code">E   assert 401 == 404
     +  where 401 = &lt;Response [401]&gt;.status_code</failure></testcase><testcase classname="backend.tests.test_opportunities_outreach" name="test_save_to_leads_creates_then_idempotent" time="0.044"><failure message="KeyError: 'id'">E   KeyError: 'id'</failure></testcase><testcase classname="backend.tests.test_opportunities_outreach" name="test_save_to_leads_unknown_id_404" time="0.044"><failure message="assert 401 == 404&#10; +  where 401 = &lt;Response [401]&gt;.status_code">E   assert 401 == 404
     +  where 401 = &lt;Response [401]&gt;.status_code</failure></testcase><testcase classname="backend.tests.test_opportunities_outreach" name="test_delete_opportunity_204" time="0.046"><failure message="KeyError: 'id'">E   KeyError: 'id'</failure></testcase><testcase classname="backend.tests.test_opportunities_outreach" name="test_delete_opportunity_unknown_404" time="0.045"><failure message="assert 401 == 404&#10; +  where 401 = &lt;Response [401]&gt;.status_code">E   assert 401 == 404
     +  where 401 = &lt;Response [401]&gt;.status_code</failure></testcase><testcase classname="backend.tests.test_opportunities_outreach" name="test_outreach_generate_success" time="0.042"><failure message="KeyError: 0">E   KeyError: 0</failure></testcase><testcase classname="backend.tests.test_opportunities_outreach" name="test_outreach_generate_unknown_opp_404" time="0.088"><failure message="assert 401 == 404&#10; +  where 401 = &lt;Response [401]&gt;.status_code">E   assert 401 == 404
     +  where 401 = &lt;Response [401]&gt;.status_code</failure></testcase></testsuite></testsuites>