<?xml version="1.0" encoding="utf-8"?><testsuites name="pytest tests"><testsuite name="pytest" errors="0" failures="0" skipped="0" tests="22" time="10.812" timestamp="2026-06-19T10:54:42.352048+00:00" hostname="agent-env-47360978-c3f6-41d2-a0df-00ce838aa487"><testcase classname="tests.test_resumes_and_matches.TestResumeUpload" name="test_upload_no_auth_returns_401" time="0.261" /><testcase classname="tests.test_resumes_and_matches.TestResumeUpload" name="test_upload_unsupported_ext_415" time="0.368" /><testcase classname="tests.test_resumes_and_matches.TestResumeUpload" name="test_upload_empty_file_400" time="0.045" /><testcase classname="tests.test_resumes_and_matches.TestResumeUpload" name="test_upload_txt_success" time="0.218" /><testcase classname="tests.test_resumes_and_matches.TestResumeUpload" name="test_first_resume_autosaves_profile_skills" time="0.042" /><testcase classname="tests.test_resumes_and_matches.TestResumeUpload" name="test_second_upload_marks_new_active" time="0.219" /><testcase classname="tests.test_resumes_and_matches.TestResumeUpload" name="test_get_active" time="0.042" /><testcase classname="tests.test_resumes_and_matches.TestResumeUpload" name="test_activate_old_then_back" time="0.090" /><testcase classname="tests.test_resumes_and_matches.TestResumeUpload" name="test_delete_old_resume_soft_deletes" time="0.131" /><testcase classname="tests.test_resumes_and_matches.TestOpportunitiesMeta" name="test_meta_includes_freshness_windows" time="0.044" /><testcase classname="tests.test_resumes_and_matches.TestOpportunitiesMeta" name="test_invalid_freshness_422" time="0.048" /><testcase classname="tests.test_resumes_and_matches.TestOpportunitiesMeta" name="test_seed_for_user_a" time="0.125" /><testcase classname="tests.test_resumes_and_matches.TestOpportunitiesMeta" name="test_freshness_24h_returns_recent_seeded" time="0.043" /><testcase classname="tests.test_resumes_and_matches.TestMatchesDeterministic" name="test_match_returns_breakdown" time="0.088" /><testcase classname="tests.test_resumes_and_matches.TestMatchesDeterministic" name="test_tfidf_query_populates_score" time="0.085" /><testcase classname="tests.test_resumes_and_matches.TestMatchesDeterministic" name="test_batch_returns_rows" time="0.092" /><testcase classname="tests.test_resumes_and_matches.TestMatchesNoResume" name="test_no_resume_returns_null" time="0.484" /><testcase classname="tests.test_resumes_and_matches.TestUserIsolation" name="test_user_b_cannot_see_user_a_opp_match" time="0.266" /><testcase classname="tests.test_resumes_and_matches.TestUserIsolation" name="test_user_b_resumes_isolated" time="0.132" /><testcase classname="tests.test_resumes_and_matches.TestAICache" name="test_resume_enrich_cached" time="4.102" /><testcase classname="tests.test_resumes_and_matches.TestAICache" name="test_match_ai_cached" time="3.527" /><testcase classname="tests.test_resumes_and_matches.TestCacheInvalidation" name="test_delete_active_resume_clears_match_cache" time="0.264" /></testsuite></testsuites>